<?xml version="1.0" encoding="UTF-8"?>
<testng-results total="1" passed="1" failed="0" skipped="0">
  <reporter-output>
  </reporter-output>
  <suite started-at="2021-04-07T10:43:24Z" name="Surefire suite" finished-at="2021-04-07T10:43:24Z" duration-ms="155">
    <groups>
    </groups>
    <test started-at="2021-04-07T10:43:24Z" name="Surefire test" finished-at="2021-04-07T10:43:24Z" duration-ms="155">
      <class name="TwitterAPI.TwitterAPIProject.AppTest">
        <test-method signature="shouldAnswerWithTrue()[pri:0, instance:shouldAnswerWithTrue(TwitterAPI.TwitterAPIProject.AppTest)]" started-at="2021-04-07T16:13:24Z" name="shouldAnswerWithTrue" finished-at="2021-04-07T16:13:24Z" duration-ms="4" status="PASS">
          <reporter-output>
          </reporter-output>
        </test-method> <!-- shouldAnswerWithTrue -->
      </class> <!-- TwitterAPI.TwitterAPIProject.AppTest -->
    </test> <!-- Surefire test -->
  </suite> <!-- Surefire suite -->
</testng-results>
