<?xml version="1.0" encoding="UTF-8"?>
<testng-results total="2" passed="2" failed="0" skipped="0">
  <reporter-output>
  </reporter-output>
  <suite started-at="2021-04-08T05:49:42Z" name="Default suite" finished-at="2021-04-08T05:49:48Z" duration-ms="5306">
    <groups>
    </groups>
    <test started-at="2021-04-08T05:49:42Z" name="Default test" finished-at="2021-04-08T05:49:48Z" duration-ms="5306">
      <class name="TestPackage.CreateTweet">
        <test-method signature="CreateTweet()[pri:0, instance:TestPackage.CreateTweet@78a773fd]" started-at="2021-04-08T11:19:42Z" name="CreateTweet" finished-at="2021-04-08T11:19:48Z" duration-ms="5258" status="PASS">
          <reporter-output>
          </reporter-output>
        </test-method> <!-- CreateTweet -->
        <test-method signature="Createtweet()[pri:0, instance:TestPackage.CreateTweet@78a773fd]" started-at="2021-04-08T11:19:48Z" name="Createtweet" finished-at="2021-04-08T11:19:48Z" duration-ms="6" status="PASS">
          <reporter-output>
          </reporter-output>
        </test-method> <!-- Createtweet -->
      </class> <!-- TestPackage.CreateTweet -->
    </test> <!-- Default test -->
  </suite> <!-- Default suite -->
</testng-results>
